2025-11-19 22:07:44 INFO  cic.cs.unb.ca.ifm.Cmd    You select: C:\IDS_defense\pcaps\flow_20251119_220743.pcap
2025-11-19 22:07:44 INFO  cic.cs.unb.ca.ifm.Cmd    Out folder: C:\IDS_defense\csvs
2025-11-19 22:07:44 INFO  cic.cs.unb.ca.ifm.Cmd    CICFlowMeter received 1 pcap file
2025-11-19 22:07:44 DEBUG cic.cs.unb.ca.jnetpcap.PacketReader    Read All packets on C:\IDS_defense\pcaps\flow_20251119_220743.pcap
2025-11-19 22:07:46 INFO  cic.cs.unb.ca.ifm.Cmd    You select: C:\IDS_defense\pcaps\flow_20251119_220745.pcap
2025-11-19 22:07:46 INFO  cic.cs.unb.ca.ifm.Cmd    Out folder: C:\IDS_defense\csvs
2025-11-19 22:07:46 INFO  cic.cs.unb.ca.ifm.Cmd    CICFlowMeter received 1 pcap file
2025-11-19 22:07:47 DEBUG cic.cs.unb.ca.jnetpcap.PacketReader    Read All packets on C:\IDS_defense\pcaps\flow_20251119_220745.pcap
2025-11-19 22:07:48 INFO  cic.cs.unb.ca.ifm.Cmd    You select: C:\IDS_defense\pcaps\flow_20251119_220747.pcap
2025-11-19 22:07:48 INFO  cic.cs.unb.ca.ifm.Cmd    Out folder: C:\IDS_defense\csvs
2025-11-19 22:07:49 INFO  cic.cs.unb.ca.ifm.Cmd    CICFlowMeter received 1 pcap file
2025-11-19 22:07:49 DEBUG cic.cs.unb.ca.jnetpcap.PacketReader    Read All packets on C:\IDS_defense\pcaps\flow_20251119_220747.pcap
2025-11-19 22:07:51 INFO  cic.cs.unb.ca.ifm.Cmd    You select: C:\IDS_defense\pcaps\flow_20251119_220750.pcap
2025-11-19 22:07:51 INFO  cic.cs.unb.ca.ifm.Cmd    Out folder: C:\IDS_defense\csvs
2025-11-19 22:07:52 INFO  cic.cs.unb.ca.ifm.Cmd    CICFlowMeter received 1 pcap file
2025-11-19 22:07:52 DEBUG cic.cs.unb.ca.jnetpcap.PacketReader    Read All packets on C:\IDS_defense\pcaps\flow_20251119_220750.pcap
2025-11-19 22:07:53 INFO  cic.cs.unb.ca.ifm.Cmd    You select: C:\IDS_defense\pcaps\flow_20251119_220752.pcap
2025-11-19 22:07:53 INFO  cic.cs.unb.ca.ifm.Cmd    Out folder: C:\IDS_defense\csvs
2025-11-19 22:07:53 INFO  cic.cs.unb.ca.ifm.Cmd    CICFlowMeter received 1 pcap file
2025-11-19 22:07:53 DEBUG cic.cs.unb.ca.jnetpcap.PacketReader    Read All packets on C:\IDS_defense\pcaps\flow_20251119_220752.pcap
2025-11-19 22:07:55 INFO  cic.cs.unb.ca.ifm.Cmd    You select: C:\IDS_defense\pcaps\flow_20251119_220754.pcap
2025-11-19 22:07:55 INFO  cic.cs.unb.ca.ifm.Cmd    Out folder: C:\IDS_defense\csvs
2025-11-19 22:07:55 INFO  cic.cs.unb.ca.ifm.Cmd    CICFlowMeter received 1 pcap file
2025-11-19 22:07:55 DEBUG cic.cs.unb.ca.jnetpcap.PacketReader    Read All packets on C:\IDS_defense\pcaps\flow_20251119_220754.pcap
2025-11-19 22:07:57 INFO  cic.cs.unb.ca.ifm.Cmd    You select: C:\IDS_defense\pcaps\flow_20251119_220756.pcap
2025-11-19 22:07:57 INFO  cic.cs.unb.ca.ifm.Cmd    Out folder: C:\IDS_defense\csvs
2025-11-19 22:07:57 INFO  cic.cs.unb.ca.ifm.Cmd    CICFlowMeter received 1 pcap file
2025-11-19 22:07:57 DEBUG cic.cs.unb.ca.jnetpcap.PacketReader    Read All packets on C:\IDS_defense\pcaps\flow_20251119_220756.pcap
2025-11-19 22:07:59 INFO  cic.cs.unb.ca.ifm.Cmd    You select: C:\IDS_defense\pcaps\flow_20251119_220759.pcap
2025-11-19 22:07:59 INFO  cic.cs.unb.ca.ifm.Cmd    Out folder: C:\IDS_defense\csvs
2025-11-19 22:08:00 INFO  cic.cs.unb.ca.ifm.Cmd    CICFlowMeter received 1 pcap file
2025-11-19 22:08:00 DEBUG cic.cs.unb.ca.jnetpcap.FlowGenerator    FlagFIN current has 3 flow
2025-11-19 22:08:00 DEBUG cic.cs.unb.ca.jnetpcap.PacketReader    Read All packets on C:\IDS_defense\pcaps\flow_20251119_220759.pcap
2025-11-19 22:08:01 INFO  cic.cs.unb.ca.ifm.Cmd    You select: C:\IDS_defense\pcaps\flow_20251119_220800.pcap
2025-11-19 22:08:01 INFO  cic.cs.unb.ca.ifm.Cmd    Out folder: C:\IDS_defense\csvs
2025-11-19 22:08:01 INFO  cic.cs.unb.ca.ifm.Cmd    CICFlowMeter received 1 pcap file
2025-11-19 22:08:01 DEBUG cic.cs.unb.ca.jnetpcap.PacketReader    Read All packets on C:\IDS_defense\pcaps\flow_20251119_220800.pcap
2025-11-19 22:08:03 INFO  cic.cs.unb.ca.ifm.Cmd    You select: C:\IDS_defense\pcaps\flow_20251119_220803.pcap
2025-11-19 22:08:03 INFO  cic.cs.unb.ca.ifm.Cmd    Out folder: C:\IDS_defense\csvs
2025-11-19 22:08:04 INFO  cic.cs.unb.ca.ifm.Cmd    CICFlowMeter received 1 pcap file
2025-11-19 22:08:04 DEBUG cic.cs.unb.ca.jnetpcap.PacketReader    Read All packets on C:\IDS_defense\pcaps\flow_20251119_220803.pcap
2025-11-19 22:08:04 INFO  cic.cs.unb.ca.ifm.Cmd    You select: C:\IDS_defense\pcaps\flow_20251119_220804.pcap
2025-11-19 22:08:04 INFO  cic.cs.unb.ca.ifm.Cmd    Out folder: C:\IDS_defense\csvs
2025-11-19 22:08:05 INFO  cic.cs.unb.ca.ifm.Cmd    CICFlowMeter received 1 pcap file
2025-11-19 22:08:05 DEBUG cic.cs.unb.ca.jnetpcap.PacketReader    Read All packets on C:\IDS_defense\pcaps\flow_20251119_220804.pcap
2025-11-19 22:08:06 INFO  cic.cs.unb.ca.ifm.Cmd    You select: C:\IDS_defense\pcaps\flow_20251119_220806.pcap
2025-11-19 22:08:06 INFO  cic.cs.unb.ca.ifm.Cmd    Out folder: C:\IDS_defense\csvs
2025-11-19 22:08:07 INFO  cic.cs.unb.ca.ifm.Cmd    CICFlowMeter received 1 pcap file
2025-11-19 22:08:07 DEBUG cic.cs.unb.ca.jnetpcap.PacketReader    Read All packets on C:\IDS_defense\pcaps\flow_20251119_220806.pcap
2025-11-19 22:08:08 INFO  cic.cs.unb.ca.ifm.Cmd    You select: C:\IDS_defense\pcaps\flow_20251119_220808.pcap
2025-11-19 22:08:08 INFO  cic.cs.unb.ca.ifm.Cmd    Out folder: C:\IDS_defense\csvs
2025-11-19 22:08:09 INFO  cic.cs.unb.ca.ifm.Cmd    CICFlowMeter received 1 pcap file
2025-11-19 22:08:09 DEBUG cic.cs.unb.ca.jnetpcap.FlowGenerator    FlagFIN current has 2 flow
2025-11-19 22:08:09 DEBUG cic.cs.unb.ca.jnetpcap.FlowGenerator    FlagFIN current has 2 flow
2025-11-19 22:08:09 DEBUG cic.cs.unb.ca.jnetpcap.PacketReader    Read All packets on C:\IDS_defense\pcaps\flow_20251119_220808.pcap
2025-11-19 22:08:11 INFO  cic.cs.unb.ca.ifm.Cmd    You select: C:\IDS_defense\pcaps\flow_20251119_220810.pcap
2025-11-19 22:08:11 INFO  cic.cs.unb.ca.ifm.Cmd    Out folder: C:\IDS_defense\csvs
2025-11-19 22:08:11 INFO  cic.cs.unb.ca.ifm.Cmd    CICFlowMeter received 1 pcap file
2025-11-19 22:08:11 DEBUG cic.cs.unb.ca.jnetpcap.FlowGenerator    FlagFIN current has 5 flow
2025-11-19 22:08:11 DEBUG cic.cs.unb.ca.jnetpcap.FlowGenerator    FlagFIN current has 5 flow
2025-11-19 22:08:11 DEBUG cic.cs.unb.ca.jnetpcap.PacketReader    Read All packets on C:\IDS_defense\pcaps\flow_20251119_220810.pcap
2025-11-19 22:08:12 INFO  cic.cs.unb.ca.ifm.Cmd    You select: C:\IDS_defense\pcaps\flow_20251119_220812.pcap
2025-11-19 22:08:12 INFO  cic.cs.unb.ca.ifm.Cmd    Out folder: C:\IDS_defense\csvs
2025-11-19 22:08:13 INFO  cic.cs.unb.ca.ifm.Cmd    CICFlowMeter received 1 pcap file
2025-11-19 22:08:13 DEBUG cic.cs.unb.ca.jnetpcap.PacketReader    Read All packets on C:\IDS_defense\pcaps\flow_20251119_220812.pcap
2025-11-19 22:08:14 INFO  cic.cs.unb.ca.ifm.Cmd    You select: C:\IDS_defense\pcaps\flow_20251119_220814.pcap
2025-11-19 22:08:14 INFO  cic.cs.unb.ca.ifm.Cmd    Out folder: C:\IDS_defense\csvs
2025-11-19 22:08:15 INFO  cic.cs.unb.ca.ifm.Cmd    CICFlowMeter received 1 pcap file
2025-11-19 22:08:15 DEBUG cic.cs.unb.ca.jnetpcap.PacketReader    Read All packets on C:\IDS_defense\pcaps\flow_20251119_220814.pcap
2025-11-19 22:08:16 INFO  cic.cs.unb.ca.ifm.Cmd    You select: C:\IDS_defense\pcaps\flow_20251119_220816.pcap
2025-11-19 22:08:16 INFO  cic.cs.unb.ca.ifm.Cmd    Out folder: C:\IDS_defense\csvs
2025-11-19 22:08:17 INFO  cic.cs.unb.ca.ifm.Cmd    CICFlowMeter received 1 pcap file
2025-11-19 22:08:17 DEBUG cic.cs.unb.ca.jnetpcap.PacketReader    Read All packets on C:\IDS_defense\pcaps\flow_20251119_220816.pcap
2025-11-19 22:08:19 INFO  cic.cs.unb.ca.ifm.Cmd    You select: C:\IDS_defense\pcaps\flow_20251119_220819.pcap
2025-11-19 22:08:19 INFO  cic.cs.unb.ca.ifm.Cmd    Out folder: C:\IDS_defense\csvs
2025-11-19 22:08:20 INFO  cic.cs.unb.ca.ifm.Cmd    CICFlowMeter received 1 pcap file
2025-11-19 22:08:20 DEBUG cic.cs.unb.ca.jnetpcap.FlowGenerator    FlagFIN current has 15 flow
2025-11-19 22:08:20 DEBUG cic.cs.unb.ca.jnetpcap.FlowGenerator    FlagFIN current has 15 flow
2025-11-19 22:08:20 DEBUG cic.cs.unb.ca.jnetpcap.PacketReader    Read All packets on C:\IDS_defense\pcaps\flow_20251119_220819.pcap
2025-11-19 22:08:21 INFO  cic.cs.unb.ca.ifm.Cmd    You select: C:\IDS_defense\pcaps\flow_20251119_220820.pcap
2025-11-19 22:08:21 INFO  cic.cs.unb.ca.ifm.Cmd    Out folder: C:\IDS_defense\csvs
2025-11-19 22:08:21 INFO  cic.cs.unb.ca.ifm.Cmd    CICFlowMeter received 1 pcap file
2025-11-19 22:08:21 DEBUG cic.cs.unb.ca.jnetpcap.FlowGenerator    FlagFIN current has 6 flow
2025-11-19 22:08:21 DEBUG cic.cs.unb.ca.jnetpcap.FlowGenerator    FlagFIN current has 6 flow
2025-11-19 22:08:21 DEBUG cic.cs.unb.ca.jnetpcap.FlowGenerator    FlagFIN current has 7 flow
2025-11-19 22:08:21 DEBUG cic.cs.unb.ca.jnetpcap.FlowGenerator    FlagFIN current has 7 flow
2025-11-19 22:08:21 DEBUG cic.cs.unb.ca.jnetpcap.PacketReader    Read All packets on C:\IDS_defense\pcaps\flow_20251119_220820.pcap
2025-11-19 22:47:13 INFO  cic.cs.unb.ca.ifm.Cmd    You select: C:\IDS_defense\pcaps\flow_20251119_224713.pcap
2025-11-19 22:47:13 INFO  cic.cs.unb.ca.ifm.Cmd    Out folder: C:\IDS_defense\csvs
2025-11-19 22:47:14 INFO  cic.cs.unb.ca.ifm.Cmd    CICFlowMeter received 1 pcap file
2025-11-19 22:47:14 DEBUG cic.cs.unb.ca.jnetpcap.PacketReader    Read All packets on C:\IDS_defense\pcaps\flow_20251119_224713.pcap
2025-11-19 22:47:15 INFO  cic.cs.unb.ca.ifm.Cmd    You select: C:\IDS_defense\pcaps\flow_20251119_224715.pcap
2025-11-19 22:47:15 INFO  cic.cs.unb.ca.ifm.Cmd    Out folder: C:\IDS_defense\csvs
2025-11-19 22:47:16 INFO  cic.cs.unb.ca.ifm.Cmd    CICFlowMeter received 1 pcap file
2025-11-19 22:47:16 DEBUG cic.cs.unb.ca.jnetpcap.PacketReader    Read All packets on C:\IDS_defense\pcaps\flow_20251119_224715.pcap
2025-11-19 22:47:17 INFO  cic.cs.unb.ca.ifm.Cmd    You select: C:\IDS_defense\pcaps\flow_20251119_224717.pcap
2025-11-19 22:47:17 INFO  cic.cs.unb.ca.ifm.Cmd    Out folder: C:\IDS_defense\csvs
2025-11-19 22:47:18 INFO  cic.cs.unb.ca.ifm.Cmd    CICFlowMeter received 1 pcap file
2025-11-19 22:47:18 DEBUG cic.cs.unb.ca.jnetpcap.PacketReader    Read All packets on C:\IDS_defense\pcaps\flow_20251119_224717.pcap
