2025-11-29 15:47:28 INFO  cic.cs.unb.ca.ifm.Cmd    You select: C:\IDS_defense\pcaps\flow_20251129_154728.pcap
2025-11-29 15:47:28 INFO  cic.cs.unb.ca.ifm.Cmd    Out folder: C:\IDS_defense\csvs
2025-11-29 15:47:29 INFO  cic.cs.unb.ca.ifm.Cmd    CICFlowMeter received 1 pcap file
2025-11-29 15:47:29 DEBUG cic.cs.unb.ca.jnetpcap.PacketReader    Read All packets on C:\IDS_defense\pcaps\flow_20251129_154728.pcap
2025-11-29 15:47:39 INFO  cic.cs.unb.ca.ifm.Cmd    You select: C:\IDS_defense\pcaps\flow_20251129_154738.pcap
2025-11-29 15:47:39 INFO  cic.cs.unb.ca.ifm.Cmd    Out folder: C:\IDS_defense\csvs
2025-11-29 15:47:39 INFO  cic.cs.unb.ca.ifm.Cmd    CICFlowMeter received 1 pcap file
2025-11-29 15:47:39 DEBUG cic.cs.unb.ca.jnetpcap.FlowGenerator    FlagFIN current has 3 flow
2025-11-29 15:47:39 DEBUG cic.cs.unb.ca.jnetpcap.FlowGenerator    FlagFIN current has 3 flow
2025-11-29 15:47:39 DEBUG cic.cs.unb.ca.jnetpcap.FlowGenerator    FlagFIN current has 8 flow
2025-11-29 15:47:39 DEBUG cic.cs.unb.ca.jnetpcap.FlowGenerator    FlagFIN current has 8 flow
2025-11-29 15:47:39 DEBUG cic.cs.unb.ca.jnetpcap.FlowGenerator    FlagFIN current has 12 flow
2025-11-29 15:47:39 DEBUG cic.cs.unb.ca.jnetpcap.FlowGenerator    FlagFIN current has 13 flow
2025-11-29 15:47:39 DEBUG cic.cs.unb.ca.jnetpcap.FlowGenerator    FlagFIN current has 17 flow
2025-11-29 15:47:39 DEBUG cic.cs.unb.ca.jnetpcap.FlowGenerator    FlagFIN current has 19 flow
2025-11-29 15:47:39 DEBUG cic.cs.unb.ca.jnetpcap.FlowGenerator    FlagFIN current has 22 flow
2025-11-29 15:47:39 DEBUG cic.cs.unb.ca.jnetpcap.FlowGenerator    FlagFIN current has 22 flow
2025-11-29 15:47:39 DEBUG cic.cs.unb.ca.jnetpcap.FlowGenerator    FlagFIN current has 22 flow
2025-11-29 15:47:39 DEBUG cic.cs.unb.ca.jnetpcap.FlowGenerator    FlagFIN current has 22 flow
2025-11-29 15:47:39 DEBUG cic.cs.unb.ca.jnetpcap.PacketReader    Read All packets on C:\IDS_defense\pcaps\flow_20251129_154738.pcap
2025-11-29 15:47:49 INFO  cic.cs.unb.ca.ifm.Cmd    You select: C:\IDS_defense\pcaps\flow_20251129_154749.pcap
2025-11-29 15:47:49 INFO  cic.cs.unb.ca.ifm.Cmd    Out folder: C:\IDS_defense\csvs
2025-11-29 15:47:49 INFO  cic.cs.unb.ca.ifm.Cmd    CICFlowMeter received 1 pcap file
2025-11-29 15:47:49 DEBUG cic.cs.unb.ca.jnetpcap.FlowGenerator    FlagFIN current has 4 flow
2025-11-29 15:47:49 DEBUG cic.cs.unb.ca.jnetpcap.FlowGenerator    FlagFIN current has 4 flow
2025-11-29 15:47:49 DEBUG cic.cs.unb.ca.jnetpcap.FlowGenerator    FlagFIN current has 5 flow
2025-11-29 15:47:49 DEBUG cic.cs.unb.ca.jnetpcap.FlowGenerator    FlagFIN current has 5 flow
2025-11-29 15:47:49 DEBUG cic.cs.unb.ca.jnetpcap.FlowGenerator    FlagFIN current has 11 flow
2025-11-29 15:47:49 DEBUG cic.cs.unb.ca.jnetpcap.FlowGenerator    FlagFIN current has 11 flow
2025-11-29 15:47:49 DEBUG cic.cs.unb.ca.jnetpcap.PacketReader    Read All packets on C:\IDS_defense\pcaps\flow_20251129_154749.pcap
2025-11-29 15:48:01 INFO  cic.cs.unb.ca.ifm.Cmd    You select: C:\IDS_defense\pcaps\flow_20251129_154801.pcap
2025-11-29 15:48:01 INFO  cic.cs.unb.ca.ifm.Cmd    Out folder: C:\IDS_defense\csvs
2025-11-29 15:48:01 INFO  cic.cs.unb.ca.ifm.Cmd    CICFlowMeter received 1 pcap file
2025-11-29 15:48:01 DEBUG cic.cs.unb.ca.jnetpcap.FlowGenerator    FlagFIN current has 8 flow
2025-11-29 15:48:01 DEBUG cic.cs.unb.ca.jnetpcap.FlowGenerator    FlagFIN current has 8 flow
2025-11-29 15:48:01 DEBUG cic.cs.unb.ca.jnetpcap.FlowGenerator    FlagFIN current has 11 flow
2025-11-29 15:48:01 DEBUG cic.cs.unb.ca.jnetpcap.FlowGenerator    FlagFIN current has 11 flow
2025-11-29 15:48:01 DEBUG cic.cs.unb.ca.jnetpcap.PacketReader    Read All packets on C:\IDS_defense\pcaps\flow_20251129_154801.pcap
2025-11-29 15:48:11 INFO  cic.cs.unb.ca.ifm.Cmd    You select: C:\IDS_defense\pcaps\flow_20251129_154811.pcap
2025-11-29 15:48:11 INFO  cic.cs.unb.ca.ifm.Cmd    Out folder: C:\IDS_defense\csvs
2025-11-29 15:48:11 INFO  cic.cs.unb.ca.ifm.Cmd    CICFlowMeter received 1 pcap file
2025-11-29 15:48:12 DEBUG cic.cs.unb.ca.jnetpcap.FlowGenerator    FlagFIN current has 7 flow
2025-11-29 15:48:12 DEBUG cic.cs.unb.ca.jnetpcap.FlowGenerator    FlagFIN current has 7 flow
2025-11-29 15:48:12 DEBUG cic.cs.unb.ca.jnetpcap.FlowGenerator    FlagFIN current has 14 flow
2025-11-29 15:48:12 DEBUG cic.cs.unb.ca.jnetpcap.FlowGenerator    FlagFIN current has 14 flow
2025-11-29 15:48:12 DEBUG cic.cs.unb.ca.jnetpcap.PacketReader    Read All packets on C:\IDS_defense\pcaps\flow_20251129_154811.pcap
2025-11-29 15:48:22 INFO  cic.cs.unb.ca.ifm.Cmd    You select: C:\IDS_defense\pcaps\flow_20251129_154822.pcap
2025-11-29 15:48:22 INFO  cic.cs.unb.ca.ifm.Cmd    Out folder: C:\IDS_defense\csvs
2025-11-29 15:48:22 INFO  cic.cs.unb.ca.ifm.Cmd    CICFlowMeter received 1 pcap file
2025-11-29 15:48:23 DEBUG cic.cs.unb.ca.jnetpcap.FlowGenerator    FlagFIN current has 7 flow
2025-11-29 15:48:23 DEBUG cic.cs.unb.ca.jnetpcap.FlowGenerator    FlagFIN current has 7 flow
2025-11-29 15:48:23 DEBUG cic.cs.unb.ca.jnetpcap.PacketReader    Read All packets on C:\IDS_defense\pcaps\flow_20251129_154822.pcap
2025-11-29 15:48:33 INFO  cic.cs.unb.ca.ifm.Cmd    You select: C:\IDS_defense\pcaps\flow_20251129_154833.pcap
2025-11-29 15:48:33 INFO  cic.cs.unb.ca.ifm.Cmd    Out folder: C:\IDS_defense\csvs
2025-11-29 15:48:33 INFO  cic.cs.unb.ca.ifm.Cmd    CICFlowMeter received 1 pcap file
2025-11-29 15:48:34 DEBUG cic.cs.unb.ca.jnetpcap.PacketReader    Read All packets on C:\IDS_defense\pcaps\flow_20251129_154833.pcap
2025-11-29 15:48:43 INFO  cic.cs.unb.ca.ifm.Cmd    You select: C:\IDS_defense\pcaps\flow_20251129_154843.pcap
2025-11-29 15:48:43 INFO  cic.cs.unb.ca.ifm.Cmd    Out folder: C:\IDS_defense\csvs
2025-11-29 15:48:44 INFO  cic.cs.unb.ca.ifm.Cmd    CICFlowMeter received 1 pcap file
2025-11-29 15:48:44 DEBUG cic.cs.unb.ca.jnetpcap.FlowGenerator    FlagFIN current has 7 flow
2025-11-29 15:48:44 DEBUG cic.cs.unb.ca.jnetpcap.PacketReader    Read All packets on C:\IDS_defense\pcaps\flow_20251129_154843.pcap
2025-11-29 15:48:54 INFO  cic.cs.unb.ca.ifm.Cmd    You select: C:\IDS_defense\pcaps\flow_20251129_154853.pcap
2025-11-29 15:48:54 INFO  cic.cs.unb.ca.ifm.Cmd    Out folder: C:\IDS_defense\csvs
2025-11-29 15:48:54 INFO  cic.cs.unb.ca.ifm.Cmd    CICFlowMeter received 1 pcap file
2025-11-29 15:48:54 DEBUG cic.cs.unb.ca.jnetpcap.FlowGenerator    FlagFIN current has 10 flow
2025-11-29 15:48:54 DEBUG cic.cs.unb.ca.jnetpcap.FlowGenerator    FlagFIN current has 10 flow
2025-11-29 15:48:54 DEBUG cic.cs.unb.ca.jnetpcap.PacketReader    Read All packets on C:\IDS_defense\pcaps\flow_20251129_154853.pcap
2025-11-29 15:49:05 INFO  cic.cs.unb.ca.ifm.Cmd    You select: C:\IDS_defense\pcaps\flow_20251129_154905.pcap
2025-11-29 15:49:05 INFO  cic.cs.unb.ca.ifm.Cmd    Out folder: C:\IDS_defense\csvs
2025-11-29 15:49:05 INFO  cic.cs.unb.ca.ifm.Cmd    CICFlowMeter received 1 pcap file
2025-11-29 15:49:05 DEBUG cic.cs.unb.ca.jnetpcap.FlowGenerator    FlagFIN current has 16 flow
2025-11-29 15:49:05 DEBUG cic.cs.unb.ca.jnetpcap.PacketReader    Read All packets on C:\IDS_defense\pcaps\flow_20251129_154905.pcap
2025-11-29 15:49:16 INFO  cic.cs.unb.ca.ifm.Cmd    You select: C:\IDS_defense\pcaps\flow_20251129_154915.pcap
2025-11-29 15:49:16 INFO  cic.cs.unb.ca.ifm.Cmd    Out folder: C:\IDS_defense\csvs
2025-11-29 15:49:17 INFO  cic.cs.unb.ca.ifm.Cmd    CICFlowMeter received 1 pcap file
2025-11-29 15:49:17 DEBUG cic.cs.unb.ca.jnetpcap.FlowGenerator    FlagFIN current has 12 flow
2025-11-29 15:49:17 DEBUG cic.cs.unb.ca.jnetpcap.FlowGenerator    FlagFIN current has 13 flow
2025-11-29 15:49:17 DEBUG cic.cs.unb.ca.jnetpcap.FlowGenerator    FlagFIN current has 13 flow
2025-11-29 15:49:17 DEBUG cic.cs.unb.ca.jnetpcap.FlowGenerator    FlagFIN current has 13 flow
2025-11-29 15:49:17 DEBUG cic.cs.unb.ca.jnetpcap.FlowGenerator    FlagFIN current has 42 flow
2025-11-29 15:49:17 DEBUG cic.cs.unb.ca.jnetpcap.FlowGenerator    FlagFIN current has 42 flow
2025-11-29 15:49:17 DEBUG cic.cs.unb.ca.jnetpcap.FlowGenerator    FlagFIN current has 48 flow
2025-11-29 15:49:17 DEBUG cic.cs.unb.ca.jnetpcap.FlowGenerator    FlagFIN current has 48 flow
2025-11-29 15:49:17 DEBUG cic.cs.unb.ca.jnetpcap.FlowGenerator    FlagFIN current has 64 flow
2025-11-29 15:49:17 DEBUG cic.cs.unb.ca.jnetpcap.FlowGenerator    FlagFIN current has 64 flow
2025-11-29 15:49:17 DEBUG cic.cs.unb.ca.jnetpcap.FlowGenerator    FlagFIN current has 65 flow
2025-11-29 15:49:17 DEBUG cic.cs.unb.ca.jnetpcap.FlowGenerator    FlagFIN current has 76 flow
2025-11-29 15:49:17 DEBUG cic.cs.unb.ca.jnetpcap.FlowGenerator    FlagFIN current has 76 flow
2025-11-29 15:49:17 DEBUG cic.cs.unb.ca.jnetpcap.FlowGenerator    FlagFIN current has 76 flow
2025-11-29 15:49:17 DEBUG cic.cs.unb.ca.jnetpcap.FlowGenerator    FlagFIN current has 76 flow
2025-11-29 15:49:17 DEBUG cic.cs.unb.ca.jnetpcap.FlowGenerator    FlagFIN current has 77 flow
2025-11-29 15:49:17 DEBUG cic.cs.unb.ca.jnetpcap.FlowGenerator    FlagFIN current has 77 flow
2025-11-29 15:49:17 DEBUG cic.cs.unb.ca.jnetpcap.FlowGenerator    FlagFIN current has 77 flow
2025-11-29 15:49:17 DEBUG cic.cs.unb.ca.jnetpcap.FlowGenerator    FlagFIN current has 76 flow
2025-11-29 15:49:17 DEBUG cic.cs.unb.ca.jnetpcap.FlowGenerator    FlagFIN current has 89 flow
2025-11-29 15:49:17 DEBUG cic.cs.unb.ca.jnetpcap.FlowGenerator    FlagFIN current has 89 flow
2025-11-29 15:49:17 DEBUG cic.cs.unb.ca.jnetpcap.FlowGenerator    FlagFIN current has 89 flow
2025-11-29 15:49:17 DEBUG cic.cs.unb.ca.jnetpcap.FlowGenerator    FlagFIN current has 89 flow
2025-11-29 15:49:17 DEBUG cic.cs.unb.ca.jnetpcap.FlowGenerator    FlagFIN current has 89 flow
2025-11-29 15:49:17 DEBUG cic.cs.unb.ca.jnetpcap.FlowGenerator    FlagFIN current has 90 flow
2025-11-29 15:49:17 DEBUG cic.cs.unb.ca.jnetpcap.FlowGenerator    FlagFIN current has 106 flow
2025-11-29 15:49:17 DEBUG cic.cs.unb.ca.jnetpcap.FlowGenerator    FlagFIN current has 106 flow
2025-11-29 15:49:17 DEBUG cic.cs.unb.ca.jnetpcap.FlowGenerator    FlagFIN current has 108 flow
2025-11-29 15:49:17 DEBUG cic.cs.unb.ca.jnetpcap.FlowGenerator    FlagFIN current has 107 flow
2025-11-29 15:49:17 DEBUG cic.cs.unb.ca.jnetpcap.FlowGenerator    FlagFIN current has 108 flow
2025-11-29 15:49:17 DEBUG cic.cs.unb.ca.jnetpcap.FlowGenerator    FlagFIN current has 108 flow
2025-11-29 15:49:17 DEBUG cic.cs.unb.ca.jnetpcap.FlowGenerator    FlagFIN current has 108 flow
2025-11-29 15:49:17 DEBUG cic.cs.unb.ca.jnetpcap.FlowGenerator    FlagFIN current has 108 flow
2025-11-29 15:49:17 DEBUG cic.cs.unb.ca.jnetpcap.FlowGenerator    FlagFIN current has 108 flow
2025-11-29 15:49:17 DEBUG cic.cs.unb.ca.jnetpcap.FlowGenerator    FlagFIN current has 108 flow
2025-11-29 15:49:17 DEBUG cic.cs.unb.ca.jnetpcap.FlowGenerator    FlagFIN current has 108 flow
2025-11-29 15:49:17 DEBUG cic.cs.unb.ca.jnetpcap.FlowGenerator    FlagFIN current has 108 flow
2025-11-29 15:49:17 DEBUG cic.cs.unb.ca.jnetpcap.FlowGenerator    FlagFIN current has 108 flow
2025-11-29 15:49:17 DEBUG cic.cs.unb.ca.jnetpcap.FlowGenerator    FlagFIN current has 109 flow
2025-11-29 15:49:17 DEBUG cic.cs.unb.ca.jnetpcap.FlowGenerator    FlagFIN current has 109 flow
2025-11-29 15:49:17 DEBUG cic.cs.unb.ca.jnetpcap.FlowGenerator    FlagFIN current has 109 flow
2025-11-29 15:49:17 DEBUG cic.cs.unb.ca.jnetpcap.FlowGenerator    FlagFIN current has 111 flow
2025-11-29 15:49:17 DEBUG cic.cs.unb.ca.jnetpcap.FlowGenerator    FlagFIN current has 112 flow
2025-11-29 15:49:17 DEBUG cic.cs.unb.ca.jnetpcap.FlowGenerator    FlagFIN current has 111 flow
2025-11-29 15:49:17 DEBUG cic.cs.unb.ca.jnetpcap.FlowGenerator    FlagFIN current has 112 flow
2025-11-29 15:49:17 DEBUG cic.cs.unb.ca.jnetpcap.FlowGenerator    FlagFIN current has 111 flow
2025-11-29 15:49:17 DEBUG cic.cs.unb.ca.jnetpcap.FlowGenerator    FlagFIN current has 112 flow
2025-11-29 15:49:17 DEBUG cic.cs.unb.ca.jnetpcap.FlowGenerator    FlagFIN current has 112 flow
2025-11-29 15:49:17 DEBUG cic.cs.unb.ca.jnetpcap.FlowGenerator    FlagFIN current has 112 flow
2025-11-29 15:49:17 DEBUG cic.cs.unb.ca.jnetpcap.FlowGenerator    FlagFIN current has 113 flow
2025-11-29 15:49:17 DEBUG cic.cs.unb.ca.jnetpcap.FlowGenerator    FlagFIN current has 113 flow
2025-11-29 15:49:17 DEBUG cic.cs.unb.ca.jnetpcap.FlowGenerator    FlagFIN current has 113 flow
2025-11-29 15:49:17 DEBUG cic.cs.unb.ca.jnetpcap.FlowGenerator    FlagFIN current has 113 flow
2025-11-29 15:49:17 DEBUG cic.cs.unb.ca.jnetpcap.PacketReader    Read All packets on C:\IDS_defense\pcaps\flow_20251129_154915.pcap
2025-11-29 15:49:36 INFO  cic.cs.unb.ca.ifm.Cmd    You select: C:\IDS_defense\pcaps\flow_20251129_154935.pcap
2025-11-29 15:49:36 INFO  cic.cs.unb.ca.ifm.Cmd    Out folder: C:\IDS_defense\csvs
2025-11-29 15:49:37 INFO  cic.cs.unb.ca.ifm.Cmd    CICFlowMeter received 1 pcap file
2025-11-29 15:49:37 DEBUG cic.cs.unb.ca.jnetpcap.FlowGenerator    FlagFIN current has 13 flow
2025-11-29 15:49:37 DEBUG cic.cs.unb.ca.jnetpcap.FlowGenerator    FlagFIN current has 25 flow
2025-11-29 15:49:37 DEBUG cic.cs.unb.ca.jnetpcap.FlowGenerator    FlagFIN current has 44 flow
2025-11-29 15:49:37 DEBUG cic.cs.unb.ca.jnetpcap.FlowGenerator    FlagFIN current has 45 flow
2025-11-29 15:49:37 DEBUG cic.cs.unb.ca.jnetpcap.FlowGenerator    FlagFIN current has 45 flow
2025-11-29 15:49:37 DEBUG cic.cs.unb.ca.jnetpcap.FlowGenerator    FlagFIN current has 45 flow
2025-11-29 15:49:37 DEBUG cic.cs.unb.ca.jnetpcap.FlowGenerator    FlagFIN current has 44 flow
2025-11-29 15:49:37 DEBUG cic.cs.unb.ca.jnetpcap.FlowGenerator    FlagFIN current has 61 flow
2025-11-29 15:49:37 DEBUG cic.cs.unb.ca.jnetpcap.FlowGenerator    FlagFIN current has 61 flow
2025-11-29 15:49:37 DEBUG cic.cs.unb.ca.jnetpcap.FlowGenerator    FlagFIN current has 61 flow
2025-11-29 15:49:37 DEBUG cic.cs.unb.ca.jnetpcap.FlowGenerator    FlagFIN current has 60 flow
2025-11-29 15:49:37 DEBUG cic.cs.unb.ca.jnetpcap.FlowGenerator    FlagFIN current has 63 flow
2025-11-29 15:49:37 DEBUG cic.cs.unb.ca.jnetpcap.FlowGenerator    FlagFIN current has 63 flow
2025-11-29 15:49:37 DEBUG cic.cs.unb.ca.jnetpcap.FlowGenerator    FlagFIN current has 63 flow
2025-11-29 15:49:37 DEBUG cic.cs.unb.ca.jnetpcap.FlowGenerator    FlagFIN current has 62 flow
2025-11-29 15:49:37 DEBUG cic.cs.unb.ca.jnetpcap.FlowGenerator    FlagFIN current has 76 flow
2025-11-29 15:49:37 DEBUG cic.cs.unb.ca.jnetpcap.FlowGenerator    FlagFIN current has 76 flow
2025-11-29 15:49:37 DEBUG cic.cs.unb.ca.jnetpcap.FlowGenerator    FlagFIN current has 78 flow
2025-11-29 15:49:37 DEBUG cic.cs.unb.ca.jnetpcap.FlowGenerator    FlagFIN current has 78 flow
2025-11-29 15:49:37 DEBUG cic.cs.unb.ca.jnetpcap.FlowGenerator    FlagFIN current has 94 flow
2025-11-29 15:49:37 DEBUG cic.cs.unb.ca.jnetpcap.FlowGenerator    FlagFIN current has 94 flow
2025-11-29 15:49:37 DEBUG cic.cs.unb.ca.jnetpcap.PacketReader    Read All packets on C:\IDS_defense\pcaps\flow_20251129_154935.pcap
2025-11-29 15:49:48 INFO  cic.cs.unb.ca.ifm.Cmd    You select: C:\IDS_defense\pcaps\flow_20251129_154948.pcap
2025-11-29 15:49:48 INFO  cic.cs.unb.ca.ifm.Cmd    Out folder: C:\IDS_defense\csvs
2025-11-29 15:49:48 INFO  cic.cs.unb.ca.ifm.Cmd    CICFlowMeter received 1 pcap file
2025-11-29 15:49:49 DEBUG cic.cs.unb.ca.jnetpcap.PacketReader    Read All packets on C:\IDS_defense\pcaps\flow_20251129_154948.pcap
2025-11-29 15:49:58 INFO  cic.cs.unb.ca.ifm.Cmd    You select: C:\IDS_defense\pcaps\flow_20251129_154958.pcap
2025-11-29 15:49:58 INFO  cic.cs.unb.ca.ifm.Cmd    Out folder: C:\IDS_defense\csvs
2025-11-29 15:49:59 INFO  cic.cs.unb.ca.ifm.Cmd    CICFlowMeter received 1 pcap file
2025-11-29 15:49:59 DEBUG cic.cs.unb.ca.jnetpcap.PacketReader    Read All packets on C:\IDS_defense\pcaps\flow_20251129_154958.pcap
2025-11-29 15:50:09 INFO  cic.cs.unb.ca.ifm.Cmd    You select: C:\IDS_defense\pcaps\flow_20251129_155008.pcap
2025-11-29 15:50:09 INFO  cic.cs.unb.ca.ifm.Cmd    Out folder: C:\IDS_defense\csvs
2025-11-29 15:50:09 INFO  cic.cs.unb.ca.ifm.Cmd    CICFlowMeter received 1 pcap file
2025-11-29 15:50:09 DEBUG cic.cs.unb.ca.jnetpcap.FlowGenerator    FlagFIN current has 5 flow
2025-11-29 15:50:09 DEBUG cic.cs.unb.ca.jnetpcap.FlowGenerator    FlagFIN current has 5 flow
2025-11-29 15:50:09 DEBUG cic.cs.unb.ca.jnetpcap.PacketReader    Read All packets on C:\IDS_defense\pcaps\flow_20251129_155008.pcap
2025-11-29 15:50:19 INFO  cic.cs.unb.ca.ifm.Cmd    You select: C:\IDS_defense\pcaps\flow_20251129_155018.pcap
2025-11-29 15:50:19 INFO  cic.cs.unb.ca.ifm.Cmd    Out folder: C:\IDS_defense\csvs
2025-11-29 15:50:19 INFO  cic.cs.unb.ca.ifm.Cmd    CICFlowMeter received 1 pcap file
2025-11-29 15:50:19 DEBUG cic.cs.unb.ca.jnetpcap.FlowGenerator    FlagFIN current has 3 flow
2025-11-29 15:50:19 DEBUG cic.cs.unb.ca.jnetpcap.FlowGenerator    FlagFIN current has 3 flow
2025-11-29 15:50:19 DEBUG cic.cs.unb.ca.jnetpcap.FlowGenerator    FlagFIN current has 2 flow
2025-11-29 15:50:19 DEBUG cic.cs.unb.ca.jnetpcap.FlowGenerator    FlagFIN current has 2 flow
2025-11-29 15:50:19 DEBUG cic.cs.unb.ca.jnetpcap.FlowGenerator    FlagFIN current has 3 flow
2025-11-29 15:50:19 DEBUG cic.cs.unb.ca.jnetpcap.FlowGenerator    FlagFIN current has 13 flow
2025-11-29 15:50:19 DEBUG cic.cs.unb.ca.jnetpcap.FlowGenerator    FlagFIN current has 13 flow
2025-11-29 15:50:19 DEBUG cic.cs.unb.ca.jnetpcap.FlowGenerator    FlagFIN current has 12 flow
2025-11-29 15:50:19 DEBUG cic.cs.unb.ca.jnetpcap.FlowGenerator    FlagFIN current has 12 flow
2025-11-29 15:50:19 DEBUG cic.cs.unb.ca.jnetpcap.FlowGenerator    FlagFIN current has 12 flow
2025-11-29 15:50:19 DEBUG cic.cs.unb.ca.jnetpcap.FlowGenerator    FlagFIN current has 12 flow
2025-11-29 15:50:19 DEBUG cic.cs.unb.ca.jnetpcap.FlowGenerator    FlagFIN current has 12 flow
2025-11-29 15:50:19 DEBUG cic.cs.unb.ca.jnetpcap.FlowGenerator    FlagFIN current has 13 flow
2025-11-29 15:50:19 DEBUG cic.cs.unb.ca.jnetpcap.FlowGenerator    FlagFIN current has 13 flow
2025-11-29 15:50:19 DEBUG cic.cs.unb.ca.jnetpcap.FlowGenerator    FlagFIN current has 13 flow
2025-11-29 15:50:19 DEBUG cic.cs.unb.ca.jnetpcap.FlowGenerator    FlagFIN current has 12 flow
2025-11-29 15:50:19 DEBUG cic.cs.unb.ca.jnetpcap.FlowGenerator    FlagFIN current has 11 flow
2025-11-29 15:50:19 DEBUG cic.cs.unb.ca.jnetpcap.FlowGenerator    FlagFIN current has 11 flow
2025-11-29 15:50:19 DEBUG cic.cs.unb.ca.jnetpcap.FlowGenerator    FlagFIN current has 15 flow
2025-11-29 15:50:19 DEBUG cic.cs.unb.ca.jnetpcap.FlowGenerator    FlagFIN current has 15 flow
2025-11-29 15:50:19 DEBUG cic.cs.unb.ca.jnetpcap.FlowGenerator    FlagFIN current has 15 flow
2025-11-29 15:50:19 DEBUG cic.cs.unb.ca.jnetpcap.FlowGenerator    FlagFIN current has 15 flow
2025-11-29 15:50:19 DEBUG cic.cs.unb.ca.jnetpcap.FlowGenerator    FlagFIN current has 20 flow
2025-11-29 15:50:19 DEBUG cic.cs.unb.ca.jnetpcap.FlowGenerator    FlagFIN current has 20 flow
2025-11-29 15:50:19 DEBUG cic.cs.unb.ca.jnetpcap.FlowGenerator    FlagFIN current has 20 flow
2025-11-29 15:50:19 DEBUG cic.cs.unb.ca.jnetpcap.FlowGenerator    FlagFIN current has 20 flow
2025-11-29 15:50:19 DEBUG cic.cs.unb.ca.jnetpcap.FlowGenerator    FlagFIN current has 20 flow
2025-11-29 15:50:19 DEBUG cic.cs.unb.ca.jnetpcap.FlowGenerator    FlagFIN current has 20 flow
2025-11-29 15:50:19 DEBUG cic.cs.unb.ca.jnetpcap.FlowGenerator    FlagFIN current has 20 flow
2025-11-29 15:50:19 DEBUG cic.cs.unb.ca.jnetpcap.FlowGenerator    FlagFIN current has 23 flow
2025-11-29 15:50:19 DEBUG cic.cs.unb.ca.jnetpcap.FlowGenerator    FlagFIN current has 23 flow
2025-11-29 15:50:19 DEBUG cic.cs.unb.ca.jnetpcap.FlowGenerator    FlagFIN current has 24 flow
2025-11-29 15:50:19 DEBUG cic.cs.unb.ca.jnetpcap.FlowGenerator    FlagFIN current has 34 flow
2025-11-29 15:50:19 DEBUG cic.cs.unb.ca.jnetpcap.FlowGenerator    FlagFIN current has 34 flow
2025-11-29 15:50:19 DEBUG cic.cs.unb.ca.jnetpcap.PacketReader    Read All packets on C:\IDS_defense\pcaps\flow_20251129_155018.pcap
2025-11-29 15:50:29 INFO  cic.cs.unb.ca.ifm.Cmd    You select: C:\IDS_defense\pcaps\flow_20251129_155029.pcap
2025-11-29 15:50:29 INFO  cic.cs.unb.ca.ifm.Cmd    Out folder: C:\IDS_defense\csvs
2025-11-29 15:50:29 INFO  cic.cs.unb.ca.ifm.Cmd    CICFlowMeter received 1 pcap file
2025-11-29 15:50:30 DEBUG cic.cs.unb.ca.jnetpcap.FlowGenerator    FlagFIN current has 3 flow
2025-11-29 15:50:30 DEBUG cic.cs.unb.ca.jnetpcap.FlowGenerator    FlagFIN current has 3 flow
2025-11-29 15:50:30 DEBUG cic.cs.unb.ca.jnetpcap.FlowGenerator    FlagFIN current has 4 flow
2025-11-29 15:50:30 DEBUG cic.cs.unb.ca.jnetpcap.FlowGenerator    FlagFIN current has 4 flow
2025-11-29 15:50:30 DEBUG cic.cs.unb.ca.jnetpcap.FlowGenerator    FlagFIN current has 6 flow
2025-11-29 15:50:30 DEBUG cic.cs.unb.ca.jnetpcap.FlowGenerator    FlagFIN current has 6 flow
2025-11-29 15:50:30 DEBUG cic.cs.unb.ca.jnetpcap.PacketReader    Read All packets on C:\IDS_defense\pcaps\flow_20251129_155029.pcap
2025-11-29 15:50:39 INFO  cic.cs.unb.ca.ifm.Cmd    You select: C:\IDS_defense\pcaps\flow_20251129_155039.pcap
2025-11-29 15:50:39 INFO  cic.cs.unb.ca.ifm.Cmd    Out folder: C:\IDS_defense\csvs
2025-11-29 15:50:39 INFO  cic.cs.unb.ca.ifm.Cmd    CICFlowMeter received 1 pcap file
2025-11-29 15:50:40 DEBUG cic.cs.unb.ca.jnetpcap.FlowGenerator    FlagFIN current has 12 flow
2025-11-29 15:50:40 DEBUG cic.cs.unb.ca.jnetpcap.FlowGenerator    FlagFIN current has 12 flow
2025-11-29 15:50:40 DEBUG cic.cs.unb.ca.jnetpcap.PacketReader    Read All packets on C:\IDS_defense\pcaps\flow_20251129_155039.pcap
2025-11-29 15:50:49 INFO  cic.cs.unb.ca.ifm.Cmd    You select: C:\IDS_defense\pcaps\flow_20251129_155049.pcap
2025-11-29 15:50:49 INFO  cic.cs.unb.ca.ifm.Cmd    Out folder: C:\IDS_defense\csvs
2025-11-29 15:50:50 INFO  cic.cs.unb.ca.ifm.Cmd    CICFlowMeter received 1 pcap file
2025-11-29 15:50:50 DEBUG cic.cs.unb.ca.jnetpcap.PacketReader    Read All packets on C:\IDS_defense\pcaps\flow_20251129_155049.pcap
2025-11-29 15:51:00 INFO  cic.cs.unb.ca.ifm.Cmd    You select: C:\IDS_defense\pcaps\flow_20251129_155059.pcap
2025-11-29 15:51:00 INFO  cic.cs.unb.ca.ifm.Cmd    Out folder: C:\IDS_defense\csvs
2025-11-29 15:51:00 INFO  cic.cs.unb.ca.ifm.Cmd    CICFlowMeter received 1 pcap file
2025-11-29 15:51:00 DEBUG cic.cs.unb.ca.jnetpcap.FlowGenerator    FlagFIN current has 6 flow
2025-11-29 15:51:00 DEBUG cic.cs.unb.ca.jnetpcap.PacketReader    Read All packets on C:\IDS_defense\pcaps\flow_20251129_155059.pcap
2025-11-29 15:51:10 INFO  cic.cs.unb.ca.ifm.Cmd    You select: C:\IDS_defense\pcaps\flow_20251129_155109.pcap
2025-11-29 15:51:10 INFO  cic.cs.unb.ca.ifm.Cmd    Out folder: C:\IDS_defense\csvs
2025-11-29 15:51:10 INFO  cic.cs.unb.ca.ifm.Cmd    CICFlowMeter received 1 pcap file
2025-11-29 15:51:10 DEBUG cic.cs.unb.ca.jnetpcap.PacketReader    Read All packets on C:\IDS_defense\pcaps\flow_20251129_155109.pcap
2025-11-29 15:51:20 INFO  cic.cs.unb.ca.ifm.Cmd    You select: C:\IDS_defense\pcaps\flow_20251129_155119.pcap
2025-11-29 15:51:20 INFO  cic.cs.unb.ca.ifm.Cmd    Out folder: C:\IDS_defense\csvs
2025-11-29 15:51:20 INFO  cic.cs.unb.ca.ifm.Cmd    CICFlowMeter received 1 pcap file
2025-11-29 15:51:20 DEBUG cic.cs.unb.ca.jnetpcap.FlowGenerator    FlagFIN current has 4 flow
2025-11-29 15:51:20 DEBUG cic.cs.unb.ca.jnetpcap.FlowGenerator    FlagFIN current has 17 flow
2025-11-29 15:51:20 DEBUG cic.cs.unb.ca.jnetpcap.FlowGenerator    FlagFIN current has 17 flow
2025-11-29 15:51:20 DEBUG cic.cs.unb.ca.jnetpcap.PacketReader    Read All packets on C:\IDS_defense\pcaps\flow_20251129_155119.pcap
2025-11-29 15:51:31 INFO  cic.cs.unb.ca.ifm.Cmd    You select: C:\IDS_defense\pcaps\flow_20251129_155131.pcap
2025-11-29 15:51:31 INFO  cic.cs.unb.ca.ifm.Cmd    Out folder: C:\IDS_defense\csvs
2025-11-29 15:51:31 INFO  cic.cs.unb.ca.ifm.Cmd    CICFlowMeter received 1 pcap file
2025-11-29 15:51:31 DEBUG cic.cs.unb.ca.jnetpcap.FlowGenerator    FlagFIN current has 4 flow
2025-11-29 15:51:31 DEBUG cic.cs.unb.ca.jnetpcap.FlowGenerator    FlagFIN current has 4 flow
2025-11-29 15:51:31 DEBUG cic.cs.unb.ca.jnetpcap.PacketReader    Read All packets on C:\IDS_defense\pcaps\flow_20251129_155131.pcap
2025-11-29 15:51:42 INFO  cic.cs.unb.ca.ifm.Cmd    You select: C:\IDS_defense\pcaps\flow_20251129_155141.pcap
2025-11-29 15:51:42 INFO  cic.cs.unb.ca.ifm.Cmd    Out folder: C:\IDS_defense\csvs
2025-11-29 15:51:42 INFO  cic.cs.unb.ca.ifm.Cmd    CICFlowMeter received 1 pcap file
2025-11-29 15:51:42 DEBUG cic.cs.unb.ca.jnetpcap.PacketReader    Read All packets on C:\IDS_defense\pcaps\flow_20251129_155141.pcap
2025-11-29 15:51:52 INFO  cic.cs.unb.ca.ifm.Cmd    You select: C:\IDS_defense\pcaps\flow_20251129_155151.pcap
2025-11-29 15:51:52 INFO  cic.cs.unb.ca.ifm.Cmd    Out folder: C:\IDS_defense\csvs
2025-11-29 15:51:52 INFO  cic.cs.unb.ca.ifm.Cmd    CICFlowMeter received 1 pcap file
2025-11-29 15:51:52 DEBUG cic.cs.unb.ca.jnetpcap.PacketReader    Read All packets on C:\IDS_defense\pcaps\flow_20251129_155151.pcap
2025-11-29 15:52:03 INFO  cic.cs.unb.ca.ifm.Cmd    You select: C:\IDS_defense\pcaps\flow_20251129_155202.pcap
2025-11-29 15:52:03 INFO  cic.cs.unb.ca.ifm.Cmd    Out folder: C:\IDS_defense\csvs
2025-11-29 15:52:03 INFO  cic.cs.unb.ca.ifm.Cmd    CICFlowMeter received 1 pcap file
2025-11-29 15:52:03 DEBUG cic.cs.unb.ca.jnetpcap.PacketReader    Read All packets on C:\IDS_defense\pcaps\flow_20251129_155202.pcap
2025-11-29 15:52:13 INFO  cic.cs.unb.ca.ifm.Cmd    You select: C:\IDS_defense\pcaps\flow_20251129_155213.pcap
2025-11-29 15:52:13 INFO  cic.cs.unb.ca.ifm.Cmd    Out folder: C:\IDS_defense\csvs
2025-11-29 15:52:13 INFO  cic.cs.unb.ca.ifm.Cmd    CICFlowMeter received 1 pcap file
2025-11-29 15:52:13 DEBUG cic.cs.unb.ca.jnetpcap.FlowGenerator    FlagFIN current has 2 flow
2025-11-29 15:52:13 DEBUG cic.cs.unb.ca.jnetpcap.FlowGenerator    FlagFIN current has 2 flow
2025-11-29 15:52:13 DEBUG cic.cs.unb.ca.jnetpcap.FlowGenerator    FlagFIN current has 2 flow
2025-11-29 15:52:13 DEBUG cic.cs.unb.ca.jnetpcap.FlowGenerator    FlagFIN current has 2 flow
2025-11-29 15:52:13 DEBUG cic.cs.unb.ca.jnetpcap.FlowGenerator    FlagFIN current has 3 flow
2025-11-29 15:52:13 DEBUG cic.cs.unb.ca.jnetpcap.FlowGenerator    FlagFIN current has 3 flow
2025-11-29 15:52:13 DEBUG cic.cs.unb.ca.jnetpcap.FlowGenerator    FlagFIN current has 7 flow
2025-11-29 15:52:13 DEBUG cic.cs.unb.ca.jnetpcap.FlowGenerator    FlagFIN current has 7 flow
2025-11-29 15:52:13 DEBUG cic.cs.unb.ca.jnetpcap.FlowGenerator    FlagFIN current has 7 flow
2025-11-29 15:52:13 DEBUG cic.cs.unb.ca.jnetpcap.FlowGenerator    FlagFIN current has 7 flow
2025-11-29 15:52:13 DEBUG cic.cs.unb.ca.jnetpcap.FlowGenerator    FlagFIN current has 11 flow
2025-11-29 15:52:13 DEBUG cic.cs.unb.ca.jnetpcap.FlowGenerator    FlagFIN current has 11 flow
2025-11-29 15:52:13 DEBUG cic.cs.unb.ca.jnetpcap.PacketReader    Read All packets on C:\IDS_defense\pcaps\flow_20251129_155213.pcap
2025-11-29 15:52:26 INFO  cic.cs.unb.ca.ifm.Cmd    You select: C:\IDS_defense\pcaps\flow_20251129_155223.pcap
2025-11-29 15:52:26 INFO  cic.cs.unb.ca.ifm.Cmd    Out folder: C:\IDS_defense\csvs
2025-11-29 15:52:26 INFO  cic.cs.unb.ca.ifm.Cmd    CICFlowMeter received 1 pcap file
2025-11-29 15:52:26 DEBUG cic.cs.unb.ca.jnetpcap.PacketReader    Read All packets on C:\IDS_defense\pcaps\flow_20251129_155223.pcap
2025-11-29 16:03:39 INFO  cic.cs.unb.ca.ifm.Cmd    You select: C:\IDS_defense\pcaps\flow_20251129_160339.pcap
2025-11-29 16:03:39 INFO  cic.cs.unb.ca.ifm.Cmd    Out folder: C:\IDS_defense\csvs
2025-11-29 16:03:39 INFO  cic.cs.unb.ca.ifm.Cmd    CICFlowMeter received 1 pcap file
2025-11-29 16:03:39 DEBUG cic.cs.unb.ca.jnetpcap.PacketReader    Read All packets on C:\IDS_defense\pcaps\flow_20251129_160339.pcap
2025-11-29 16:03:40 INFO  cic.cs.unb.ca.ifm.Cmd    You select: C:\IDS_defense\pcaps\flow_20251129_160340.pcap
2025-11-29 16:03:40 INFO  cic.cs.unb.ca.ifm.Cmd    Out folder: C:\IDS_defense\csvs
2025-11-29 16:03:40 INFO  cic.cs.unb.ca.ifm.Cmd    CICFlowMeter received 1 pcap file
2025-11-29 16:03:40 DEBUG cic.cs.unb.ca.jnetpcap.PacketReader    Read All packets on C:\IDS_defense\pcaps\flow_20251129_160340.pcap
2025-11-29 16:03:43 INFO  cic.cs.unb.ca.ifm.Cmd    You select: C:\IDS_defense\pcaps\flow_20251129_160343.pcap
2025-11-29 16:03:43 INFO  cic.cs.unb.ca.ifm.Cmd    Out folder: C:\IDS_defense\csvs
2025-11-29 16:03:43 INFO  cic.cs.unb.ca.ifm.Cmd    CICFlowMeter received 1 pcap file
2025-11-29 16:03:43 DEBUG cic.cs.unb.ca.jnetpcap.PacketReader    Read All packets on C:\IDS_defense\pcaps\flow_20251129_160343.pcap
2025-11-29 16:03:44 INFO  cic.cs.unb.ca.ifm.Cmd    You select: C:\IDS_defense\pcaps\flow_20251129_160344.pcap
2025-11-29 16:03:44 INFO  cic.cs.unb.ca.ifm.Cmd    Out folder: C:\IDS_defense\csvs
2025-11-29 16:03:45 INFO  cic.cs.unb.ca.ifm.Cmd    CICFlowMeter received 1 pcap file
2025-11-29 16:03:45 DEBUG cic.cs.unb.ca.jnetpcap.FlowGenerator    FlagFIN current has 2 flow
2025-11-29 16:03:45 DEBUG cic.cs.unb.ca.jnetpcap.FlowGenerator    FlagFIN current has 2 flow
2025-11-29 16:03:45 DEBUG cic.cs.unb.ca.jnetpcap.PacketReader    Read All packets on C:\IDS_defense\pcaps\flow_20251129_160344.pcap
2025-11-29 16:03:45 INFO  cic.cs.unb.ca.ifm.Cmd    You select: C:\IDS_defense\pcaps\flow_20251129_160345.pcap
2025-11-29 16:03:45 INFO  cic.cs.unb.ca.ifm.Cmd    Out folder: C:\IDS_defense\csvs
2025-11-29 16:03:46 INFO  cic.cs.unb.ca.ifm.Cmd    CICFlowMeter received 1 pcap file
2025-11-29 16:03:46 DEBUG cic.cs.unb.ca.jnetpcap.FlowGenerator    FlagFIN current has 1 flow
2025-11-29 16:03:46 DEBUG cic.cs.unb.ca.jnetpcap.FlowGenerator    FlagFIN current has 2 flow
2025-11-29 16:03:46 DEBUG cic.cs.unb.ca.jnetpcap.FlowGenerator    FlagFIN current has 2 flow
2025-11-29 16:03:46 DEBUG cic.cs.unb.ca.jnetpcap.FlowGenerator    FlagFIN current has 4 flow
2025-11-29 16:03:46 DEBUG cic.cs.unb.ca.jnetpcap.FlowGenerator    FlagFIN current has 4 flow
2025-11-29 16:03:46 DEBUG cic.cs.unb.ca.jnetpcap.FlowGenerator    FlagFIN current has 5 flow
2025-11-29 16:03:46 DEBUG cic.cs.unb.ca.jnetpcap.PacketReader    Read All packets on C:\IDS_defense\pcaps\flow_20251129_160345.pcap
2025-11-29 16:03:53 INFO  cic.cs.unb.ca.ifm.Cmd    You select: C:\IDS_defense\pcaps\flow_20251129_160352.pcap
2025-11-29 16:03:53 INFO  cic.cs.unb.ca.ifm.Cmd    Out folder: C:\IDS_defense\csvs
2025-11-29 16:03:54 INFO  cic.cs.unb.ca.ifm.Cmd    CICFlowMeter received 1 pcap file
2025-11-29 16:03:54 DEBUG cic.cs.unb.ca.jnetpcap.PacketReader    Read All packets on C:\IDS_defense\pcaps\flow_20251129_160352.pcap
2025-11-29 16:05:49 INFO  cic.cs.unb.ca.ifm.Cmd    You select: C:\IDS_defense\pcaps\flow_20251129_160526.pcap
2025-11-29 16:05:49 INFO  cic.cs.unb.ca.ifm.Cmd    Out folder: C:\IDS_defense\csvs
2025-11-29 16:05:50 INFO  cic.cs.unb.ca.ifm.Cmd    CICFlowMeter received 1 pcap file
2025-11-29 16:05:50 DEBUG cic.cs.unb.ca.jnetpcap.FlowGenerator    FlagFIN current has 1040 flow
2025-11-29 16:05:50 DEBUG cic.cs.unb.ca.jnetpcap.FlowGenerator    FlagFIN current has 1058 flow
2025-11-29 16:05:50 DEBUG cic.cs.unb.ca.jnetpcap.FlowGenerator    FlagFIN current has 1236 flow
2025-11-29 16:05:50 DEBUG cic.cs.unb.ca.jnetpcap.FlowGenerator    FlagFIN current has 1236 flow
2025-11-29 16:05:50 DEBUG cic.cs.unb.ca.jnetpcap.FlowGenerator    FlagFIN current has 10423 flow
2025-11-29 16:05:50 DEBUG cic.cs.unb.ca.jnetpcap.FlowGenerator    FlagFIN current has 10465 flow
2025-11-29 16:05:50 DEBUG cic.cs.unb.ca.jnetpcap.FlowGenerator    FlagFIN current has 19110 flow
2025-11-29 16:05:50 DEBUG cic.cs.unb.ca.jnetpcap.FlowGenerator    FlagFIN current has 19111 flow
2025-11-29 16:05:51 DEBUG cic.cs.unb.ca.jnetpcap.FlowGenerator    FlagFIN current has 21888 flow
2025-11-29 16:05:51 DEBUG cic.cs.unb.ca.jnetpcap.FlowGenerator    FlagFIN current has 21890 flow
2025-11-29 16:05:51 DEBUG cic.cs.unb.ca.jnetpcap.FlowGenerator    FlagFIN current has 22316 flow
2025-11-29 16:05:51 DEBUG cic.cs.unb.ca.jnetpcap.FlowGenerator    FlagFIN current has 22332 flow
2025-11-29 16:05:51 DEBUG cic.cs.unb.ca.jnetpcap.FlowGenerator    FlagFIN current has 24097 flow
2025-11-29 16:05:51 DEBUG cic.cs.unb.ca.jnetpcap.FlowGenerator    FlagFIN current has 24097 flow
2025-11-29 16:05:51 DEBUG cic.cs.unb.ca.jnetpcap.FlowGenerator    FlagFIN current has 25158 flow
2025-11-29 16:05:51 DEBUG cic.cs.unb.ca.jnetpcap.FlowGenerator    FlagFIN current has 25158 flow
2025-11-29 16:05:51 DEBUG cic.cs.unb.ca.jnetpcap.FlowGenerator    FlagFIN current has 25165 flow
2025-11-29 16:05:51 DEBUG cic.cs.unb.ca.jnetpcap.FlowGenerator    FlagFIN current has 25165 flow
2025-11-29 16:05:51 DEBUG cic.cs.unb.ca.jnetpcap.FlowGenerator    FlagFIN current has 25222 flow
2025-11-29 16:05:51 DEBUG cic.cs.unb.ca.jnetpcap.FlowGenerator    FlagFIN current has 25223 flow
2025-11-29 16:05:51 DEBUG cic.cs.unb.ca.jnetpcap.FlowGenerator    FlagFIN current has 25223 flow
2025-11-29 16:05:51 DEBUG cic.cs.unb.ca.jnetpcap.FlowGenerator    FlagFIN current has 25223 flow
2025-11-29 16:05:51 DEBUG cic.cs.unb.ca.jnetpcap.FlowGenerator    FlagFIN current has 25222 flow
2025-11-29 16:05:51 DEBUG cic.cs.unb.ca.jnetpcap.FlowGenerator    FlagFIN current has 25222 flow
2025-11-29 16:05:51 DEBUG cic.cs.unb.ca.jnetpcap.FlowGenerator    FlagFIN current has 25227 flow
2025-11-29 16:05:51 DEBUG cic.cs.unb.ca.jnetpcap.FlowGenerator    FlagFIN current has 25228 flow
2025-11-29 16:05:51 DEBUG cic.cs.unb.ca.jnetpcap.FlowGenerator    FlagFIN current has 25229 flow
2025-11-29 16:05:51 DEBUG cic.cs.unb.ca.jnetpcap.FlowGenerator    FlagFIN current has 25230 flow
2025-11-29 16:05:51 DEBUG cic.cs.unb.ca.jnetpcap.FlowGenerator    FlagFIN current has 25232 flow
2025-11-29 16:05:51 DEBUG cic.cs.unb.ca.jnetpcap.FlowGenerator    FlagFIN current has 25232 flow
2025-11-29 16:05:51 DEBUG cic.cs.unb.ca.jnetpcap.FlowGenerator    FlagFIN current has 25238 flow
2025-11-29 16:05:51 DEBUG cic.cs.unb.ca.jnetpcap.FlowGenerator    FlagFIN current has 25238 flow
2025-11-29 16:05:51 DEBUG cic.cs.unb.ca.jnetpcap.FlowGenerator    FlagFIN current has 25260 flow
2025-11-29 16:05:51 DEBUG cic.cs.unb.ca.jnetpcap.FlowGenerator    FlagFIN current has 25260 flow
2025-11-29 16:05:51 DEBUG cic.cs.unb.ca.jnetpcap.FlowGenerator    FlagFIN current has 25263 flow
2025-11-29 16:05:51 DEBUG cic.cs.unb.ca.jnetpcap.FlowGenerator    FlagFIN current has 25263 flow
2025-11-29 16:05:51 DEBUG cic.cs.unb.ca.jnetpcap.PacketReader    Read All packets on C:\IDS_defense\pcaps\flow_20251129_160526.pcap
